2017-10-16 10:32:46 +0000  Initial pipeline context: <IDEDistributionProcessingPipelineContext: 0x7feb13982450; archive(resolved)='<IDEArchive: 0x7feb0c795210>', distributionTask(resolved)='2', distributionMethod(resolved)='<IDEDistributionMethodiOSAppStoreExport: 0x7feaf45030a0>', team(resolved)='<IDEProvisioningBasicTeam 0x7feb11fb0e30: teamID: FSL2C54QHN, teamName: shaobin xu>'>
	Chain (11, self inclusive):
	<IDEDistributionProcessingPipelineContext: 0x7feb13982450; archive = '<IDEArchive: 0x7feb0c795210>', distributionMethod='<IDEDistributionMethodiOSAppStoreExport: 0x7feaf45030a0>', team='<IDEProvisioningBasicTeam 0x7feb11fb0e30: teamID: FSL2C54QHN, teamName: shaobin xu>'>
	<IDEDistributionProcessingPipelineContext: 0x7feaf522cc70; archive = '<IDEArchive: 0x7feb0c795210>', distributionMethod='<IDEDistributionMethodiOSAppStoreExport: 0x7feaf45030a0>', team='<IDEProvisioningBasicTeam 0x7feb11fb0e30: teamID: FSL2C54QHN, teamName: shaobin xu>'>
	<IDEDistributionContext: 0x7feb0a4b2cc0; archive = '<IDEArchive: 0x7feb0c795210>', distributionMethod='<IDEDistributionMethodiOSAppStoreExport: 0x7feaf45030a0>', team='<IDEProvisioningBasicTeam 0x7feb11fb0e30: teamID: FSL2C54QHN, teamName: shaobin xu>'>
	<IDEDistributionContext: 0x7feaf45f71c0; archive = '<IDEArchive: 0x7feb0c795210>', distributionMethod='<IDEDistributionMethodiOSAppStoreExport: 0x7feaf45030a0>', team='<IDEProvisioningBasicTeam 0x7feb11fb0e30: teamID: FSL2C54QHN, teamName: shaobin xu>'>
	<IDEDistributionContext: 0x7feaf472afd0; archive = '<IDEArchive: 0x7feb0c795210>', distributionMethod='<IDEDistributionMethodiOSAppStoreExport: 0x7feaf45030a0>', team='<IDEProvisioningBasicTeam 0x7feb11fb0e30: teamID: FSL2C54QHN, teamName: shaobin xu>'>
	<IDEDistributionContext: 0x7feaf4512200; archive = '<IDEArchive: 0x7feb0c795210>', distributionMethod='<IDEDistributionMethodiOSAppStoreExport: 0x7feaf45030a0>', team='<IDEProvisioningBasicTeam 0x7feb11fb0e30: teamID: FSL2C54QHN, teamName: shaobin xu>'>
	<IDEDistributionContext: 0x7feaf4554b30; archive = '<IDEArchive: 0x7feb0c795210>', distributionMethod='<IDEDistributionMethodiOSAppStoreExport: 0x7feaf45030a0>', team='<IDEProvisioningBasicTeam 0x7feb11fb0e30: teamID: FSL2C54QHN, teamName: shaobin xu>'>
	<IDEDistributionContext: 0x7feaf440bc90; archive = '<IDEArchive: 0x7feb0c795210>', distributionMethod='<IDEDistributionMethodiOSAppStoreExport: 0x7feaf45030a0>', team='<IDEProvisioningBasicTeam 0x7feb11fb0e30: teamID: FSL2C54QHN, teamName: shaobin xu>'>
	<IDEDistributionContext: 0x7feaf50d3680; archive = '<IDEArchive: 0x7feb0c795210>', distributionMethod='<IDEDistributionMethodiOSAppStoreExport: 0x7feaf45030a0>', team='<IDEProvisioningBasicTeam 0x7feb11fb0e30: teamID: FSL2C54QHN, teamName: shaobin xu>'>
	<IDEDistributionContext: 0x7feb0a25bee0; archive = '<IDEArchive: 0x7feb0c795210>', distributionMethod='<IDEDistributionMethodiOSAppStoreExport: 0x7feaf45030a0>', team='(null)'>
	<IDEDistributionContext: 0x7feb138ed960; archive = '<IDEArchive: 0x7feb0c795210>', distributionMethod='(null)', team='(null)'>
</IDEDistributionProcessingPipelineContext: 0x7feb13982450>
2017-10-16 10:32:46 +0000  Processing step: IDEDistributionCreateDestRootStep
2017-10-16 10:32:46 +0000  Processing step: IDEDistributionCopyItemStep
2017-10-16 10:32:46 +0000  Running /usr/bin/ditto '-V' '/Users/zhangzhanzhan/Library/Developer/Xcode/Archives/2017-10-16/magicCamera 2017-10-16 18.32.xcarchive/Products/Applications/magicCamera.app' '/var/folders/_r/vp118zyn5lsdxz6grgpr9wjc0000gn/T/XcodeDistPipeline.qJy/Root/Payload/magicCamera.app'
2017-10-16 10:32:46 +0000  >>> Copying /Users/zhangzhanzhan/Library/Developer/Xcode/Archives/2017-10-16/magicCamera 2017-10-16 18.32.xcarchive/Products/Applications/magicCamera.app 
2017-10-16 10:32:46 +0000  copying file ./_CodeSignature/CodeResources ... 
2017-10-16 10:32:46 +0000  9555 bytes for ./_CodeSignature/CodeResources
2017-10-16 10:32:46 +0000  copying file ./archived-expanded-entitlements.xcent ... 
2017-10-16 10:32:46 +0000  382 bytes for ./archived-expanded-entitlements.xcent
2017-10-16 10:32:46 +0000  copying file ./Assets.car ... 
2017-10-16 10:32:46 +0000  17149288 bytes for ./Assets.car
2017-10-16 10:32:46 +0000  copying file ./Base.lproj/LaunchScreen.storyboardc/01J-lp-oVM-view-Ze5-6b-2t3.nib ... 
1136 bytes for ./Base.lproj/LaunchScreen.storyboardc/01J-lp-oVM-view-Ze5-6b-2t3.nib
copying file ./Base.lproj/LaunchScreen.storyboardc/Info.plist ... 
2017-10-16 10:32:46 +0000  258 bytes for ./Base.lproj/LaunchScreen.storyboardc/Info.plist
copying file ./Base.lproj/LaunchScreen.storyboardc/UIViewController-01J-lp-oVM.nib ... 
2017-10-16 10:32:46 +0000  832 bytes for ./Base.lproj/LaunchScreen.storyboardc/UIViewController-01J-lp-oVM.nib
2017-10-16 10:32:46 +0000  copying file ./Base.lproj/Main.storyboardc/9Wq-s7-1WX-view-HpO-y2-Cy8.nib ... 
2017-10-16 10:32:46 +0000  6777 bytes for ./Base.lproj/Main.storyboardc/9Wq-s7-1WX-view-HpO-y2-Cy8.nib
2017-10-16 10:32:46 +0000  copying file ./Base.lproj/Main.storyboardc/firstchose.nib ... 
2017-10-16 10:32:46 +0000  21900 bytes for ./Base.lproj/Main.storyboardc/firstchose.nib
copying file ./Base.lproj/Main.storyboardc/Info.plist ... 
2017-10-16 10:32:46 +0000  313 bytes for ./Base.lproj/Main.storyboardc/Info.plist
2017-10-16 10:32:46 +0000  copying file ./Base.lproj/Main.storyboardc/tdJ-Mr-Nz3-view-1lW-gV-GBH.nib ... 
2017-10-16 10:32:46 +0000  4927 bytes for ./Base.lproj/Main.storyboardc/tdJ-Mr-Nz3-view-1lW-gV-GBH.nib
2017-10-16 10:32:46 +0000  copying file ./Base.lproj/Main.storyboardc/UINavigationController-jAU-OT-Obw.nib ... 
2017-10-16 10:32:46 +0000  1698 bytes for ./Base.lproj/Main.storyboardc/UINavigationController-jAU-OT-Obw.nib
2017-10-16 10:32:46 +0000  copying file ./DrawingStoryboard.storyboardc/03S-kX-d4u-view-RJR-xC-ryy.nib ... 
2017-10-16 10:32:46 +0000  4718 bytes for ./DrawingStoryboard.storyboardc/03S-kX-d4u-view-RJR-xC-ryy.nib
copying file ./DrawingStoryboard.storyboardc/404-aN-akh-view-X8a-Sq-Uks.nib ... 
2017-10-16 10:32:46 +0000  5871 bytes for ./DrawingStoryboard.storyboardc/404-aN-akh-view-X8a-Sq-Uks.nib
copying file ./DrawingStoryboard.storyboardc/d4a-H9-7at-view-38b-ai-4od.nib ... 
2017-10-16 10:32:46 +0000  8075 bytes for ./DrawingStoryboard.storyboardc/d4a-H9-7at-view-38b-ai-4od.nib
2017-10-16 10:32:46 +0000  copying file ./DrawingStoryboard.storyboardc/drawing.nib ... 
2017-10-16 10:32:46 +0000  20791 bytes for ./DrawingStoryboard.storyboardc/drawing.nib
copying file ./DrawingStoryboard.storyboardc/Info.plist ... 
2017-10-16 10:32:46 +0000  201 bytes for ./DrawingStoryboard.storyboardc/Info.plist
2017-10-16 10:32:46 +0000  copying file ./DrawingStoryboard.storyboardc/selectionImage.nib ... 
2017-10-16 10:32:46 +0000  1107 bytes for ./DrawingStoryboard.storyboardc/selectionImage.nib
2017-10-16 10:32:46 +0000  copying file ./DrawingStoryboard.storyboardc/wenviewstring.nib ... 
2017-10-16 10:32:46 +0000  1056 bytes for ./DrawingStoryboard.storyboardc/wenviewstring.nib
2017-10-16 10:32:46 +0000  copying file ./embedded.mobileprovision ... 
2017-10-16 10:32:46 +0000  7502 bytes for ./embedded.mobileprovision
2017-10-16 10:32:46 +0000  copying file ./Info.plist ... 
2017-10-16 10:32:46 +0000  1175 bytes for ./Info.plist
2017-10-16 10:32:46 +0000  copying file ./magicCamera ... 
2017-10-16 10:32:46 +0000  3916336 bytes for ./magicCamera
2017-10-16 10:32:46 +0000  copying file ./PkgInfo ... 
2017-10-16 10:32:46 +0000  8 bytes for ./PkgInfo
2017-10-16 10:32:46 +0000  copying file ./View.nib ... 
2017-10-16 10:32:46 +0000  5535 bytes for ./View.nib
copying file ./ZZLogainViewController.nib ... 
2017-10-16 10:32:46 +0000  9956 bytes for ./ZZLogainViewController.nib
2017-10-16 10:32:46 +0000  copying file ./ZZRegisterViewController.nib ... 
2017-10-16 10:32:46 +0000  1167 bytes for ./ZZRegisterViewController.nib
2017-10-16 10:32:46 +0000  /usr/bin/ditto exited with 0
2017-10-16 10:32:46 +0000  Processing step: IDEDistributionEmbedProfileStep
2017-10-16 10:32:46 +0000  Processing step: IDEDistributionItemRemovalStep
2017-10-16 10:32:46 +0000  Processing step: IDEDistributionAppThinningPlistStep
2017-10-16 10:32:46 +0000  Skipping step: IDEDistributionAppThinningPlistStep because it said so
2017-10-16 10:32:46 +0000  Processing step: IDEDistributionCompileBitcodeStep
2017-10-16 10:32:46 +0000  Skipping step: IDEDistributionCompileBitcodeStep because it said so
2017-10-16 10:32:46 +0000  Processing step: IDEDistributionCodeSlimmingStep
2017-10-16 10:32:46 +0000  Processing step: IDEDistributionCopyBCSymbolMapsStep
2017-10-16 10:32:46 +0000  Running /usr/bin/ditto '-V' '/Users/zhangzhanzhan/Library/Developer/Xcode/Archives/2017-10-16/magicCamera 2017-10-16 18.32.xcarchive/BCSymbolMaps/70C8EDD2-5F84-38B3-8335-73357A792D47.bcsymbolmap' '/var/folders/_r/vp118zyn5lsdxz6grgpr9wjc0000gn/T/XcodeDistPipeline.qJy/Root/BCSymbolMaps/70C8EDD2-5F84-38B3-8335-73357A792D47.bcsymbolmap'
2017-10-16 10:32:46 +0000  >>> Copying /Users/zhangzhanzhan/Library/Developer/Xcode/Archives/2017-10-16/magicCamera 2017-10-16 18.32.xcarchive/BCSymbolMaps/70C8EDD2-5F84-38B3-8335-73357A792D47.bcsymbolmap 
2017-10-16 10:32:46 +0000  copying file ./70C8EDD2-5F84-38B3-8335-73357A792D47.bcsymbolmap ... 
2017-10-16 10:32:46 +0000  217992 bytes for ./70C8EDD2-5F84-38B3-8335-73357A792D47.bcsymbolmap
2017-10-16 10:32:46 +0000  /usr/bin/ditto exited with 0
2017-10-16 10:32:46 +0000  Processing step: IDEDistributionSymbolsStep
2017-10-16 10:32:46 +0000  Excluding symbols for magicCamera.app
2017-10-16 10:32:46 +0000  Processing step: IDEDistributionCopyAppleProvidedContentStep
2017-10-16 10:32:46 +0000  Processing step: IDEDistributionAppThinningStep
2017-10-16 10:32:46 +0000  Skipping step: IDEDistributionAppThinningStep because it said so
2017-10-16 10:32:46 +0000  Processing step: IDEDistributionODRStep
2017-10-16 10:32:46 +0000  Processing step: IDEDistributionStripXattrsStep
2017-10-16 10:32:46 +0000  Running /usr/bin/xattr '-cr' '/var/folders/_r/vp118zyn5lsdxz6grgpr9wjc0000gn/T/XcodeDistPipeline.qJy/Root/Payload/magicCamera.app'
2017-10-16 10:32:46 +0000  /usr/bin/xattr exited with 0
2017-10-16 10:32:46 +0000  Processing step: IDEDistributionCodesignStep
2017-10-16 10:32:46 +0000  Applying entitlements delta for <IDEDistributionItem: 0x7feb10931cb0 'com.zhanzhan.magicCame' '<DVTFilePath:0x7feb10a508b0:'/Users/zhangzhanzhan/Library/Developer/Xcode/Archives/2017-10-16/magicCamera 2017-10-16 18.32.xcarchive/Products/Applications/magicCamera.app'>'> from <IDEiCloudEntitlementsProcessor: 0x7feb11b0d550>: {
}
2017-10-16 10:32:46 +0000  Entitlements for <IDEDistributionItem: 0x7feb10931cb0 'com.zhanzhan.magicCame' '<DVTFilePath:0x7feb10a508b0:'/Users/zhangzhanzhan/Library/Developer/Xcode/Archives/2017-10-16/magicCamera 2017-10-16 18.32.xcarchive/Products/Applications/magicCamera.app'>'>: {
    "application-identifier" = "FSL2C54QHN.com.zhanzhan.magicCame";
    "beta-reports-active" = 1;
    "com.apple.developer.team-identifier" = FSL2C54QHN;
    "get-task-allow" = 0;
    "keychain-access-groups" =     (
        "FSL2C54QHN.com.zhanzhan.magicCame"
    );
}
2017-10-16 10:32:46 +0000  Writing entitlements for <IDEDistributionItem: 0x7feb10931cb0 'com.zhanzhan.magicCame' '<DVTFilePath:0x7feb10a508b0:'/Users/zhangzhanzhan/Library/Developer/Xcode/Archives/2017-10-16/magicCamera 2017-10-16 18.32.xcarchive/Products/Applications/magicCamera.app'>'> to: /var/folders/_r/vp118zyn5lsdxz6grgpr9wjc0000gn/T/XcodeDistPipeline.qJy/entitlementsc8WyTA
2017-10-16 10:32:46 +0000  Running /usr/bin/codesign '-vvv' '--force' '--sign' '70B14640AF07CCCE47155F1E5BA4D2A10C83F8F0' '--preserve-metadata=identifier,flags' '--entitlements' '/var/folders/_r/vp118zyn5lsdxz6grgpr9wjc0000gn/T/XcodeDistPipeline.qJy/entitlementsc8WyTA' '/var/folders/_r/vp118zyn5lsdxz6grgpr9wjc0000gn/T/XcodeDistPipeline.qJy/Root/Payload/magicCamera.app'
2017-10-16 10:32:52 +0000  /var/folders/_r/vp118zyn5lsdxz6grgpr9wjc0000gn/T/XcodeDistPipeline.qJy/Root/Payload/magicCamera.app: signed app bundle with Mach-O thin (arm64) [com.zhanzhan.magicCame]
2017-10-16 10:32:52 +0000  /usr/bin/codesign exited with 0
2017-10-16 10:32:52 +0000  Processing step: IDEDistributionStreamingZipItemStep
2017-10-16 10:32:52 +0000  Skipping step: IDEDistributionStreamingZipItemStep because it said so
2017-10-16 10:32:52 +0000  Processing step: IDEDistributionCreateIPAStep
2017-10-16 10:32:52 +0000  Running /usr/bin/ditto '-V' '-c' '-k' '--norsrc' '/var/folders/_r/vp118zyn5lsdxz6grgpr9wjc0000gn/T/XcodeDistPipeline.qJy/Root' '/var/folders/_r/vp118zyn5lsdxz6grgpr9wjc0000gn/T/XcodeDistPipeline.qJy/Packages/magicCamera.ipa'
2017-10-16 10:32:52 +0000  >>> Copying /var/folders/_r/vp118zyn5lsdxz6grgpr9wjc0000gn/T/XcodeDistPipeline.qJy/Root 
2017-10-16 10:32:52 +0000  copying file ./BCSymbolMaps/70C8EDD2-5F84-38B3-8335-73357A792D47.bcsymbolmap ... 
2017-10-16 10:32:52 +0000  217992 bytes for ./BCSymbolMaps/70C8EDD2-5F84-38B3-8335-73357A792D47.bcsymbolmap
2017-10-16 10:32:52 +0000  copying file ./Payload/magicCamera.app/_CodeSignature/CodeResources ... 
2017-10-16 10:32:52 +0000  9555 bytes for ./Payload/magicCamera.app/_CodeSignature/CodeResources
2017-10-16 10:32:52 +0000  copying file ./Payload/magicCamera.app/archived-expanded-entitlements.xcent ... 
382 bytes for ./Payload/magicCamera.app/archived-expanded-entitlements.xcent
copying file ./Payload/magicCamera.app/Assets.car ... 
2017-10-16 10:32:52 +0000  17149288 bytes for ./Payload/magicCamera.app/Assets.car
2017-10-16 10:32:52 +0000  copying file ./Payload/magicCamera.app/Base.lproj/LaunchScreen.storyboardc/01J-lp-oVM-view-Ze5-6b-2t3.nib ... 
2017-10-16 10:32:52 +0000  1136 bytes for ./Payload/magicCamera.app/Base.lproj/LaunchScreen.storyboardc/01J-lp-oVM-view-Ze5-6b-2t3.nib
copying file ./Payload/magicCamera.app/Base.lproj/LaunchScreen.storyboardc/Info.plist ... 
2017-10-16 10:32:52 +0000  258 bytes for ./Payload/magicCamera.app/Base.lproj/LaunchScreen.storyboardc/Info.plist
copying file ./Payload/magicCamera.app/Base.lproj/LaunchScreen.storyboardc/UIViewController-01J-lp-oVM.nib ... 
2017-10-16 10:32:52 +0000  832 bytes for ./Payload/magicCamera.app/Base.lproj/LaunchScreen.storyboardc/UIViewController-01J-lp-oVM.nib
2017-10-16 10:32:52 +0000  copying file ./Payload/magicCamera.app/Base.lproj/Main.storyboardc/9Wq-s7-1WX-view-HpO-y2-Cy8.nib ... 
2017-10-16 10:32:52 +0000  6777 bytes for ./Payload/magicCamera.app/Base.lproj/Main.storyboardc/9Wq-s7-1WX-view-HpO-y2-Cy8.nib
copying file ./Payload/magicCamera.app/Base.lproj/Main.storyboardc/firstchose.nib ... 
2017-10-16 10:32:52 +0000  21900 bytes for ./Payload/magicCamera.app/Base.lproj/Main.storyboardc/firstchose.nib
copying file ./Payload/magicCamera.app/Base.lproj/Main.storyboardc/Info.plist ... 
2017-10-16 10:32:52 +0000  313 bytes for ./Payload/magicCamera.app/Base.lproj/Main.storyboardc/Info.plist
copying file ./Payload/magicCamera.app/Base.lproj/Main.storyboardc/tdJ-Mr-Nz3-view-1lW-gV-GBH.nib ... 
2017-10-16 10:32:52 +0000  4927 bytes for ./Payload/magicCamera.app/Base.lproj/Main.storyboardc/tdJ-Mr-Nz3-view-1lW-gV-GBH.nib
copying file ./Payload/magicCamera.app/Base.lproj/Main.storyboardc/UINavigationController-jAU-OT-Obw.nib ... 
2017-10-16 10:32:52 +0000  1698 bytes for ./Payload/magicCamera.app/Base.lproj/Main.storyboardc/UINavigationController-jAU-OT-Obw.nib
2017-10-16 10:32:52 +0000  copying file ./Payload/magicCamera.app/DrawingStoryboard.storyboardc/03S-kX-d4u-view-RJR-xC-ryy.nib ... 
2017-10-16 10:32:52 +0000  4718 bytes for ./Payload/magicCamera.app/DrawingStoryboard.storyboardc/03S-kX-d4u-view-RJR-xC-ryy.nib
copying file ./Payload/magicCamera.app/DrawingStoryboard.storyboardc/404-aN-akh-view-X8a-Sq-Uks.nib ... 
2017-10-16 10:32:52 +0000  5871 bytes for ./Payload/magicCamera.app/DrawingStoryboard.storyboardc/404-aN-akh-view-X8a-Sq-Uks.nib
copying file ./Payload/magicCamera.app/DrawingStoryboard.storyboardc/d4a-H9-7at-view-38b-ai-4od.nib ... 
2017-10-16 10:32:52 +0000  8075 bytes for ./Payload/magicCamera.app/DrawingStoryboard.storyboardc/d4a-H9-7at-view-38b-ai-4od.nib
copying file ./Payload/magicCamera.app/DrawingStoryboard.storyboardc/drawing.nib ... 
2017-10-16 10:32:52 +0000  20791 bytes for ./Payload/magicCamera.app/DrawingStoryboard.storyboardc/drawing.nib
2017-10-16 10:32:52 +0000  copying file ./Payload/magicCamera.app/DrawingStoryboard.storyboardc/Info.plist ... 
201 bytes for ./Payload/magicCamera.app/DrawingStoryboard.storyboardc/Info.plist
copying file ./Payload/magicCamera.app/DrawingStoryboard.storyboardc/selectionImage.nib ... 
2017-10-16 10:32:52 +0000  1107 bytes for ./Payload/magicCamera.app/DrawingStoryboard.storyboardc/selectionImage.nib
copying file ./Payload/magicCamera.app/DrawingStoryboard.storyboardc/wenviewstring.nib ... 
1056 bytes for ./Payload/magicCamera.app/DrawingStoryboard.storyboardc/wenviewstring.nib
2017-10-16 10:32:52 +0000  copying file ./Payload/magicCamera.app/embedded.mobileprovision ... 
2017-10-16 10:32:52 +0000  7446 bytes for ./Payload/magicCamera.app/embedded.mobileprovision
2017-10-16 10:32:52 +0000  copying file ./Payload/magicCamera.app/Info.plist ... 
2017-10-16 10:32:52 +0000  1175 bytes for ./Payload/magicCamera.app/Info.plist
copying file ./Payload/magicCamera.app/magicCamera ... 
2017-10-16 10:32:53 +0000  3075024 bytes for ./Payload/magicCamera.app/magicCamera
copying file ./Payload/magicCamera.app/PkgInfo ... 
2017-10-16 10:32:53 +0000  8 bytes for ./Payload/magicCamera.app/PkgInfo
copying file ./Payload/magicCamera.app/View.nib ... 
5535 bytes for ./Payload/magicCamera.app/View.nib
copying file ./Payload/magicCamera.app/ZZLogainViewController.nib ... 
9956 bytes for ./Payload/magicCamera.app/ZZLogainViewController.nib
copying file ./Payload/magicCamera.app/ZZRegisterViewController.nib ... 
1167 bytes for ./Payload/magicCamera.app/ZZRegisterViewController.nib
2017-10-16 10:32:53 +0000  /usr/bin/ditto exited with 0
2017-10-16 10:32:53 +0000  Processing step: IDEDistributionCreateManifestStep
2017-10-16 10:32:53 +0000  Skipping step: IDEDistributionCreateManifestStep because it said so
